A D/alias////
A D/columnfractions////
A D/conditionals////
A D/converters_tests////
A D/coverage////
A D/coverage_braces////
A D/def////
A D/docbook_tests////
A D/float////
A D/heading////
A D/html_tests////
A D/include////
A D/indices////
A D/info_tests////
A D/invalid_nestings////
A D/itemize////
A D/languages////
A D/macro////
A D/menu////
A D/misc_commands////
A D/multitable////
A D/paragraph////
A D/plaintext_tests////
A D/preformatted////
A D/quotation////
A D/raw////
A D/regions////
A D/sectioning////
A D/test_count////
A D/value////
A D/value_and_macro////
A D/verb////
A D/xml_tests////
A D/xtable////
